<?xml version="1.0" encoding="UTF-8"?>
<robot generator="Robot 6.0.2 (Python 3.10.11 on win32)" generated="20230602 16:46:31.340" rpa="false" schemaversion="3">
<suite id="s1" name="Test" source="C:\Users\TuanNP10\Documents\Visual_Studio_Code\test">
<suite id="s1-s1" name="Test" source="C:\Users\TuanNP10\Documents\Visual_Studio_Code\test\test.robot">
<test id="s1-s1-t1" name="Should send keys to search box and then check the value" line="16">
<kw name="Open Test Application">
<kw name="Open Application" library="AppiumLibrary">
<arg>http://127.0.0.1:4723/wd/hub</arg>
<arg>automationName=${ANDROID_AUTOMATION_NAME}</arg>
<arg>platformName=${ANDROID_PLATFORM_NAME}</arg>
<arg>platformVersion=${ANDROID_PLATFORM_VERSION}</arg>
<arg>appPackage=com.android.settings</arg>
<arg>appActivity=.Settings</arg>
<doc>Opens a new application to given Appium server.
Capabilities of appium server, Android and iOS,
Please check https://github.com/appium/appium/blob/master/docs/en/writing-running-appium/server-args.md
| *Option*            | *Man.* | *Description*     |
| remote_url          | Yes    | Appium server url |
| alias               | no     | alias             |
| strict_ssl          | No     | allows you to send commands to an invalid certificate host like a self-signed one. |</doc>
<status status="PASS" starttime="20230602 16:46:33.591" endtime="20230602 16:46:44.783"/>
</kw>
<status status="PASS" starttime="20230602 16:46:33.590" endtime="20230602 16:46:44.783"/>
</kw>
<kw name="Verify Element Exist">
<arg>Input password</arg>
<kw name="Element Text Should Be" library="AppiumLibrary">
<arg>${INPUT_PASSWORD}</arg>
<arg>${text}</arg>
<arg>${MESSAGE}</arg>
<doc>Verifies element identified by ``locator`` exactly contains text ``expected``.</doc>
<msg timestamp="20230602 16:46:44.785" level="INFO">Verifying element 'android:id/alertTitle' contains exactly text 'Input password'.</msg>
<msg timestamp="20230602 16:46:46.690" level="INFO">criteria is android:id/alertTitle</msg>
<status status="PASS" starttime="20230602 16:46:44.784" endtime="20230602 16:46:46.690"/>
</kw>
<status status="PASS" starttime="20230602 16:46:44.784" endtime="20230602 16:46:46.691"/>
</kw>
<kw name="Input Search Query">
<arg>350000</arg>
<kw name="Input Text" library="AppiumLibrary">
<arg>${INPUT_PASSWORD_ID}</arg>
<arg>${INPUT_PASSWORD_TEXT}</arg>
<doc>Types the given `text` into text field identified by `locator`.</doc>
<msg timestamp="20230602 16:46:46.697" level="INFO">Typing text '350000' into text field 'com.android.settings:id/ui_manager_pwd_edit'</msg>
<msg timestamp="20230602 16:46:46.802" level="INFO">criteria is com.android.settings:id/ui_manager_pwd_edit</msg>
<status status="PASS" starttime="20230602 16:46:46.694" endtime="20230602 16:46:46.802"/>
</kw>
<status status="PASS" starttime="20230602 16:46:46.693" endtime="20230602 16:46:46.802"/>
</kw>
<kw name="Submit Search">
<kw name="Click Element" library="AppiumLibrary">
<arg>${PRESS_THE_BUTTON_ID}</arg>
<doc>Click element identified by `locator`.</doc>
<msg timestamp="20230602 16:46:46.806" level="INFO">Clicking element 'android:id/button1'.</msg>
<msg timestamp="20230602 16:46:47.948" level="INFO">criteria is android:id/button1</msg>
<status status="PASS" starttime="20230602 16:46:46.804" endtime="20230602 16:46:47.949"/>
</kw>
<kw name="Click Element" library="AppiumLibrary">
<arg>${PRESS_THE_BUTTON}</arg>
<doc>Click element identified by `locator`.</doc>
<msg timestamp="20230602 16:46:47.952" level="INFO">Clicking element 'com.android.settings:id/icon_frame'.</msg>
<msg timestamp="20230602 16:46:48.697" level="INFO">criteria is com.android.settings:id/icon_frame</msg>
<status status="PASS" starttime="20230602 16:46:47.949" endtime="20230602 16:46:48.698"/>
</kw>
<kw name="Wait Until Page Contains Element" library="AppiumLibrary">
<arg>${PRESS_THE_BUTTON}</arg>
<doc>Waits until element specified with `locator` appears on current page.</doc>
<msg timestamp="20230602 16:46:49.183" level="INFO">criteria is com.android.settings:id/icon_frame</msg>
<status status="PASS" starttime="20230602 16:46:48.699" endtime="20230602 16:46:49.183"/>
</kw>
<kw name="Click Element" library="AppiumLibrary">
<arg>${CLICK_THE_BUTTON_ID}</arg>
<doc>Click element identified by `locator`.</doc>
<msg timestamp="20230602 16:46:49.185" level="INFO">Clicking element '//android.widget.ImageButton[@content-desc="Navigate up"]'.</msg>
<msg timestamp="20230602 16:46:50.335" level="INFO">xpath criteria: //android.widget.ImageButton[@content-desc="Navigate up"]</msg>
<status status="PASS" starttime="20230602 16:46:49.184" endtime="20230602 16:46:50.337"/>
</kw>
<status status="PASS" starttime="20230602 16:46:46.803" endtime="20230602 16:46:50.337"/>
</kw>
<status status="PASS" starttime="20230602 16:46:33.589" endtime="20230602 16:46:50.339"/>
</test>
<doc>Simple example using AppiumLibrary</doc>
<status status="PASS" starttime="20230602 16:46:31.422" endtime="20230602 16:46:50.341"/>
</suite>
<status status="PASS" starttime="20230602 16:46:31.354" endtime="20230602 16:46:50.342"/>
</suite>
<statistics>
<total>
<stat pass="1" fail="0" skip="0">All Tests</stat>
</total>
<tag>
</tag>
<suite>
<stat pass="1" fail="0" skip="0" id="s1" name="Test">Test</stat>
<stat pass="1" fail="0" skip="0" id="s1-s1" name="Test">Test.Test</stat>
</suite>
</statistics>
<errors>
</errors>
</robot>
