<?xml version="1.0" encoding="UTF-8"?>
<robot generator="Robot 6.0.2 (Python 3.11.3 on win32)" generated="20230601 17:20:19.842" rpa="false" schemaversion="3">
<suite id="s1" name="SVTT" source="D:\SVTT">
<suite id="s1-s1" name="EX1" source="D:\SVTT\EX1.robot">
<test id="s1-s1-t1" name="Should send keys to search box and then check the value" line="16">
<kw name="Open Test Application">
<kw name="Open Application" library="AppiumLibrary">
<arg>http://127.0.0.1:4723/wd/hub</arg>
<arg>automationName=${ANDROID_AUTOMATION_NAME}</arg>
<arg>platformName=${ANDROID_PLATFORM_NAME}</arg>
<arg>appPackage=com.bluestacks.filemanager</arg>
<arg>appActivity=.MainActivity</arg>
<doc>Opens a new application to given Appium server.
Capabilities of appium server, Android and iOS,
Please check https://github.com/appium/appium/blob/master/docs/en/writing-running-appium/server-args.md
| *Option*            | *Man.* | *Description*     |
| remote_url          | Yes    | Appium server url |
| alias               | no     | alias             |
| strict_ssl          | No     | allows you to send commands to an invalid certificate host like a self-signed one. |</doc>
<status status="PASS" starttime="20230601 17:20:20.164" endtime="20230601 17:20:29.953"/>
</kw>
<status status="PASS" starttime="20230601 17:20:20.163" endtime="20230601 17:20:29.953"/>
</kw>
<kw name="Submit Search1">
<kw name="Click Element" library="AppiumLibrary">
<arg>${PRESS_ICON_EXPLORE}</arg>
<doc>Click element identified by `locator`.</doc>
<msg timestamp="20230601 17:20:29.956" level="INFO">Clicking element 'com.bluestacks.filemanager:id/fragment_side_bar_listview'.</msg>
<msg timestamp="20230601 17:20:31.408" level="INFO">criteria is com.bluestacks.filemanager:id/fragment_side_bar_listview</msg>
<status status="PASS" starttime="20230601 17:20:29.955" endtime="20230601 17:20:31.408"/>
</kw>
<kw name="Click Element" library="AppiumLibrary">
<arg>${PRESS_ICON_FIND}</arg>
<doc>Click element identified by `locator`.</doc>
<msg timestamp="20230601 17:20:31.415" level="INFO">Clicking element 'com.bluestacks.filemanager:id/search_button'.</msg>
<msg timestamp="20230601 17:20:31.477" level="INFO">criteria is com.bluestacks.filemanager:id/search_button</msg>
<status status="PASS" starttime="20230601 17:20:31.409" endtime="20230601 17:20:31.478"/>
</kw>
<status status="PASS" starttime="20230601 17:20:29.954" endtime="20230601 17:20:31.478"/>
</kw>
<kw name="Input Search Query">
<arg>Android</arg>
<kw name="Input Text" library="AppiumLibrary">
<arg>${INPUT_TEXT_ID}</arg>
<arg>${INPUT_TEXT_NAME}</arg>
<doc>Types the given `text` into text field identified by `locator`.</doc>
<msg timestamp="20230601 17:20:31.490" level="INFO">Typing text 'Android' into text field 'com.bluestacks.filemanager:id/search_src_text'</msg>
<msg timestamp="20230601 17:20:32.763" level="INFO">criteria is com.bluestacks.filemanager:id/search_src_text</msg>
<status status="PASS" starttime="20230601 17:20:31.488" endtime="20230601 17:20:32.764"/>
</kw>
<kw name="Wait Until Page Contains Element" library="AppiumLibrary">
<arg>${PRESS_ICON_ANDROID}</arg>
<doc>Waits until element specified with `locator` appears on current page.</doc>
<msg timestamp="20230601 17:20:33.289" level="INFO">criteria is com.bluestacks.filemanager:id/folderPreview</msg>
<status status="PASS" starttime="20230601 17:20:32.764" endtime="20230601 17:20:33.290"/>
</kw>
<status status="PASS" starttime="20230601 17:20:31.488" endtime="20230601 17:20:33.290"/>
</kw>
<kw name="Submit Search2">
<kw name="Click Element" library="AppiumLibrary">
<arg>${PRESS_ICON_ANDROID}</arg>
<doc>Click element identified by `locator`.</doc>
<msg timestamp="20230601 17:20:33.293" level="INFO">Clicking element 'com.bluestacks.filemanager:id/folderPreview'.</msg>
<msg timestamp="20230601 17:20:33.334" level="INFO">criteria is com.bluestacks.filemanager:id/folderPreview</msg>
<status status="PASS" starttime="20230601 17:20:33.292" endtime="20230601 17:20:33.335"/>
</kw>
<kw name="Wait Until Page Contains Element" library="AppiumLibrary">
<arg>${PRESS_ICON_ANDROID}</arg>
<doc>Waits until element specified with `locator` appears on current page.</doc>
<msg timestamp="20230601 17:20:36.440" level="INFO">criteria is com.bluestacks.filemanager:id/folderPreview
criteria is com.bluestacks.filemanager:id/folderPreview
criteria is com.bluestacks.filemanager:id/folderPreview
criteria is com.bluestacks.filemanager:id/folderPreview
criteria is com.bluestacks.filemanager:id/folderPreview
criteria is com.bluestacks.filemanager:id/folderPreview
criteria is com.bluestacks.filemanager:id/folderPreview
criteria is com.bluestacks.filemanager:id/folderPreview
criteria is com.bluestacks.filemanager:id/folderPreview
criteria is com.bluestacks.filemanager:id/folderPreview
criteria is com.bluestacks.filemanager:id/folderPreview</msg>
<status status="PASS" starttime="20230601 17:20:33.336" endtime="20230601 17:20:36.441"/>
</kw>
<status status="PASS" starttime="20230601 17:20:33.291" endtime="20230601 17:20:36.441"/>
</kw>
<kw name="Search Query Should Be Matching">
<arg>data</arg>
<kw name="Element Text Should Be" library="AppiumLibrary">
<arg>com.bluestacks.filemanager:id/folderLabel</arg>
<arg>${query}</arg>
<arg>${message}</arg>
<doc>Verifies element identified by ``locator`` exactly contains text ``expected``.</doc>
<msg timestamp="20230601 17:20:36.446" level="INFO">Verifying element 'com.bluestacks.filemanager:id/folderLabel' contains exactly text 'data'.</msg>
<msg timestamp="20230601 17:20:36.474" level="INFO">criteria is com.bluestacks.filemanager:id/folderLabel</msg>
<status status="PASS" starttime="20230601 17:20:36.445" endtime="20230601 17:20:36.474"/>
</kw>
<status status="PASS" starttime="20230601 17:20:36.444" endtime="20230601 17:20:36.474"/>
</kw>
<status status="PASS" starttime="20230601 17:20:20.162" endtime="20230601 17:20:36.475"/>
</test>
<doc>Simple example using AppiumLibrary</doc>
<status status="PASS" starttime="20230601 17:20:19.894" endtime="20230601 17:20:36.476"/>
</suite>
<status status="PASS" starttime="20230601 17:20:19.846" endtime="20230601 17:20:36.479"/>
</suite>
<statistics>
<total>
<stat pass="1" fail="0" skip="0">All Tests</stat>
</total>
<tag>
</tag>
<suite>
<stat pass="1" fail="0" skip="0" id="s1" name="SVTT">SVTT</stat>
<stat pass="1" fail="0" skip="0" id="s1-s1" name="EX1">SVTT.EX1</stat>
</suite>
</statistics>
<errors>
</errors>
</robot>
